FP16: Compiler support is available
A library with BLAS API not found. Please specify library location.
LAPACK requires BLAS
A library with LAPACK API not found. Please specify library location.
found IPP (ICV version): 9.0.1 [9.0.1]
at: C:/git/ocv3.1.0/3rdparty/ippicv/unpack/ippicv_win
Could NOT find Doxygen (missing:  DOXYGEN_EXECUTABLE) 
To enable PlantUML support, set PLANTUML_JAR environment variable or pass -DPLANTUML_JAR=<filepath> option to cmake
Could NOT find PythonInterp (missing:  PYTHON_EXECUTABLE) (Required is at least version "3.4")
Could NOT find PythonInterp (missing:  PYTHON_EXECUTABLE) (Required is at least version "3.2")
Could NOT find JNI (missing:  JAVA_AWT_LIBRARY JAVA_JVM_LIBRARY JAVA_INCLUDE_PATH2 JAVA_AWT_INCLUDE_PATH) 
Could NOT find Matlab (missing:  MATLAB_MEX_SCRIPT MATLAB_INCLUDE_DIRS MATLAB_ROOT_DIR MATLAB_LIBRARIES MATLAB_LIBRARY_DIRS MATLAB_MEXEXT MATLAB_ARCH MATLAB_BIN) 
VTK is not found. Please set -DVTK_DIR in CMake to VTK build directory, or to VTK install subdirectory with VTKConfig.cmake file

General configuration for OpenCV 3.1.0-dev =====================================
  Version control:               3.0.0-3275-gd032939-dirty

  Platform:
    Timestamp:                   2016-09-01T18:35:08Z
    Host:                        Windows 6.1.7601 AMD64
    CMake:                       3.6.1
    CMake generator:             Visual Studio 14 2015
    CMake build tool:            C:/Program Files (x86)/MSBuild/14.0/bin/MSBuild.exe
    MSVC:                        1900

  C/C++:
    Built as dynamic libs?:      YES
    C++ Compiler:                C:/Program Files (x86)/Microsoft Visual Studio 14.0/VC/bin/cl.exe  (ver 19.0.24213.1)
    C++ flags (Release):         /DWIN32 /D_WINDOWS /W4 /GR /EHa  /D _CRT_SECURE_NO_DEPRECATE /D _CRT_NONSTDC_NO_DEPRECATE /D _SCL_SECURE_NO_WARNINGS /Gy /bigobj /arch:SSE2 /Oi /fp:fast  /wd4251 /wd4324 /wd4275 /wd4589 /MP1  /MD /O2 /Ob2 /DNDEBUG  /Zi
    C++ flags (Debug):           /DWIN32 /D_WINDOWS /W4 /GR /EHa  /D _CRT_SECURE_NO_DEPRECATE /D _CRT_NONSTDC_NO_DEPRECATE /D _SCL_SECURE_NO_WARNINGS /Gy /bigobj /arch:SSE2 /Oi /fp:fast  /wd4251 /wd4324 /wd4275 /wd4589 /MP1  /D_DEBUG /MDd /Zi /Ob0 /Od /RTC1 
    C Compiler:                  C:/Program Files (x86)/Microsoft Visual Studio 14.0/VC/bin/cl.exe
    C flags (Release):           /DWIN32 /D_WINDOWS /W3  /D _CRT_SECURE_NO_DEPRECATE /D _CRT_NONSTDC_NO_DEPRECATE /D _SCL_SECURE_NO_WARNINGS /Gy /bigobj /arch:SSE2 /Oi /fp:fast    /MP1  /MD /O2 /Ob2 /DNDEBUG  /Zi
    C flags (Debug):             /DWIN32 /D_WINDOWS /W3  /D _CRT_SECURE_NO_DEPRECATE /D _CRT_NONSTDC_NO_DEPRECATE /D _SCL_SECURE_NO_WARNINGS /Gy /bigobj /arch:SSE2 /Oi /fp:fast    /MP1  /D_DEBUG /MDd /Zi /Ob0 /Od /RTC1 
    Linker flags (Release):      /machine:X86  /INCREMENTAL:NO  /debug
    Linker flags (Debug):        /machine:X86  /debug /INCREMENTAL 
    Precompiled headers:         YES
    Extra dependencies:          comctl32 gdi32 ole32 setupapi ws2_32 vfw32
    3rdparty dependencies:       zlib libjpeg libwebp libpng libtiff libjasper IlmImf

  OpenCV modules:
    To be built:                 core flann imgproc ml photo video imgcodecs shape videoio highgui objdetect superres ts features2d calib3d stitching videostab python2
    Disabled:                    world
    Disabled by dependency:      -
    Unavailable:                 cudaarithm cudabgsegm cudacodec cudafeatures2d cudafilters cudaimgproc cudalegacy cudaobjdetect cudaoptflow cudastereo cudawarping cudev java python3 viz

  Windows RT support:            NO

  GUI: 
    QT:                          NO
    Win32 UI:                    YES
    OpenGL support:              NO
    VTK support:                 NO

  Media I/O: 
    ZLib:                        build (ver 1.2.8)
    JPEG:                        build (ver 90)
    WEBP:                        build (ver 0.3.1)
    PNG:                         build (ver 1.6.24)
    TIFF:                        build (ver 42 - 4.0.2)
    JPEG 2000:                   build (ver 1.900.1)
    OpenEXR:                     build (ver 1.7.1)
    GDAL:                        NO
    GDCM:                        NO

  Video I/O:
    Video for Windows:           YES
    DC1394 1.x:                  NO
    DC1394 2.x:                  NO
    FFMPEG:                      YES (prebuilt binaries)
      codec:                     YES (ver 57.48.101)
      format:                    YES (ver 57.41.100)
      util:                      YES (ver 55.28.100)
      swscale:                   YES (ver 4.1.100)
      resample:                  NO
      gentoo-style:              YES
    GStreamer:                   NO
    OpenNI:                      NO
    OpenNI PrimeSensor Modules:  NO
    OpenNI2:                     NO
    PvAPI:                       NO
    GigEVisionSDK:               NO
    DirectShow:                  YES
    Media Foundation:            NO
    XIMEA:                       NO
    Intel PerC:                  NO

  Parallel framework:            Concurrency

  Other third-party libraries:
    Use IPP:                     9.0.1 [9.0.1]
         at:                     C:/git/ocv3.1.0/3rdparty/ippicv/unpack/ippicv_win
    Use IPP Async:               NO
    Use Lapack:                  NO
    Use Eigen:                   YES (ver 3.2.9)
    Use Cuda:                    NO
    Use OpenCL:                  YES
    Use OpenVX:                  NO
    Use custom HAL:              NO

  OpenCL:                        <Dynamic loading of OpenCL library>
    Include path:                C:/git/ocv3.1.0/3rdparty/include/opencl/1.2
    Use AMDFFT:                  NO
    Use AMDBLAS:                 NO

  Python 2:
    Interpreter:                 C:/Python27/python.exe (ver 2.7.12)
    Libraries:                   C:/Python27/libs/python27.lib (ver 2.7.12)
    numpy:                       C:/Python27/lib/site-packages/numpy/core/include (ver 1.11.1)
    packages path:               C:/Python27/Lib/site-packages

  Python 3:
    Interpreter:                 NO

  Python (for build):            C:/Python27/python.exe

  Java:
    ant:                         NO
    JNI:                         NO
    Java wrappers:               NO
    Java tests:                  NO

  Matlab:                        Matlab not found or implicitly disabled

  Documentation:
    Doxygen:                     NO
    PlantUML:                    NO

  Tests and samples:
    Tests:                       YES
    Performance tests:           YES
    C/C++ Examples:              YES

  Install path:                  C:/opt/ocv3.1.0/

  cvconfig.h is in:              C:/git/ocv3.1.0/VS15_wsp
-----------------------------------------------------------------

Configuring done
